Using pre-set license
Built from '2021.1/release' branch; Version is '2021.1.10f1 (b15f561b2cef) revision 11624278'; Using compiler version '192528614'; Build Type 'Release'
OS: 'Windows 10 Education; OS build 19042.1466; Version 2009; 64bit' Language: 'en' Physical Memory: 16331 MB
BatchMode: 1, IsHumanControllingUs: 0, StartBugReporterOnCrash: 0, Is64bit: 1, IsPro: 0

 COMMAND LINE ARGUMENTS:
C:\Apps\Unity\Editor\Unity.exe
-adb2
-batchMode
-noUpm
-name
AssetImportWorker0
-projectPath
C:/Users/k1914899/Documents/Tilting-Maze-Mobile-Game/Tilting Maze Mobile Game
-logFile
Logs/AssetImportWorker0.log
-srvPort
61728
Successfully changed project path to: C:/Users/k1914899/Documents/Tilting-Maze-Mobile-Game/Tilting Maze Mobile Game
C:/Users/k1914899/Documents/Tilting-Maze-Mobile-Game/Tilting Maze Mobile Game
Using Asset Import Pipeline V2.
Refreshing native plugins compatible for Editor in 83.96 ms, found 2 plugins.
Preloading 0 native plugins for Editor in 0.00 ms.
Initialize engine version: 2021.1.10f1 (b15f561b2cef)
[Subsystems] Discovering subsystems at path C:/Apps/Unity/Editor/Data/Resources/UnitySubsystems
[Subsystems] Discovering subsystems at path C:/Users/k1914899/Documents/Tilting-Maze-Mobile-Game/Tilting Maze Mobile Game/Assets
GfxDevice: creating device client; threaded=0; jobified=0
Direct3D:
    Version:  Direct3D 11.0 [level 11.1]
    Renderer: NVIDIA GeForce GTX 1080 (ID=0x1b80)
    Vendor:   NVIDIA
    VRAM:     8079 MB
    Driver:   30.0.14.7111
Initialize mono
Mono path[0] = 'C:/Apps/Unity/Editor/Data/Managed'
Mono path[1] = 'C:/Apps/Unity/Editor/Data/MonoBleedingEdge/lib/mono/unityjit'
Mono config path = 'C:/Apps/Unity/Editor/Data/MonoBleedingEdge/etc'
Using monoOptions --debugger-agent=transport=dt_socket,embedding=1,server=y,suspend=n,address=127.0.0.1:56292
Begin MonoManager ReloadAssembly
Registering precompiled unity dll's ...
Register platform support module: C:/Apps/Unity/Editor/Data/PlaybackEngines/WindowsStandaloneSupport/UnityEditor.WindowsStandalone.Extensions.dll
Registered in 0.008573 seconds.
Native extension for WindowsStandalone target not found
Refreshing native plugins compatible for Editor in 31.40 ms, found 2 plugins.
Preloading 0 native plugins for Editor in 0.00 ms.
Mono: successfully reloaded assembly
- Completed reload, in  2.324 seconds
Domain Reload Profiling:
	ReloadAssembly (2324ms)
		BeginReloadAssembly (160ms)
			ExecutionOrderSort (0ms)
			DisableScriptedObjects (0ms)
			BackupInstance (0ms)
			ReleaseScriptingObjects (0ms)
			CreateAndSetChildDomain (1ms)
		EndReloadAssembly (443ms)
			LoadAssemblies (153ms)
			RebuildTransferFunctionScriptingTraits (0ms)
			SetupTypeCache (180ms)
			ReleaseScriptCaches (0ms)
			RebuildScriptCaches (27ms)
			SetupLoadedEditorAssemblies (159ms)
				LogAssemblyErrors (0ms)
				InitializePlatformSupportModulesInManaged (7ms)
				SetLoadedEditorAssemblies (0ms)
				RefreshPlugins (31ms)
				BeforeProcessingInitializeOnLoad (1ms)
				ProcessInitializeOnLoadAttributes (90ms)
				ProcessInitializeOnLoadMethodAttributes (29ms)
				AfterProcessingInitializeOnLoad (0ms)
				EditorAssembliesLoaded (0ms)
			ExecutionOrderSort2 (0ms)
			AwakeInstancesAfterBackupRestoration (0ms)
Platform modules already initialized, skipping
Registering precompiled user dll's ...
Registered in 0.021057 seconds.
Begin MonoManager ReloadAssembly
Native extension for WindowsStandalone target not found
Refreshing native plugins compatible for Editor in 0.32 ms, found 2 plugins.
Preloading 0 native plugins for Editor in 0.00 ms.
Mono: successfully reloaded assembly
- Completed reload, in  1.335 seconds
Domain Reload Profiling:
	ReloadAssembly (1335ms)
		BeginReloadAssembly (253ms)
			ExecutionOrderSort (0ms)
			DisableScriptedObjects (5ms)
			BackupInstance (0ms)
			ReleaseScriptingObjects (0ms)
			CreateAndSetChildDomain (19ms)
		EndReloadAssembly (979ms)
			LoadAssemblies (256ms)
			RebuildTransferFunctionScriptingTraits (0ms)
			SetupTypeCache (324ms)
			ReleaseScriptCaches (0ms)
			RebuildScriptCaches (38ms)
			SetupLoadedEditorAssemblies (340ms)
				LogAssemblyErrors (0ms)
				InitializePlatformSupportModulesInManaged (5ms)
				SetLoadedEditorAssemblies (0ms)
				RefreshPlugins (0ms)
				BeforeProcessingInitializeOnLoad (84ms)
				ProcessInitializeOnLoadAttributes (206ms)
				ProcessInitializeOnLoadMethodAttributes (12ms)
				AfterProcessingInitializeOnLoad (31ms)
				EditorAssembliesLoaded (0ms)
			ExecutionOrderSort2 (0ms)
			AwakeInstancesAfterBackupRestoration (6ms)
Platform modules already initialized, skipping
========================================================================
Worker process is ready to serve import requests
Launched and connected shader compiler UnityShaderCompiler.exe after 0.08 seconds
Refreshing native plugins compatible for Editor in 2.33 ms, found 2 plugins.
Preloading 0 native plugins for Editor in 0.00 ms.
Unloading 1561 Unused Serialized files (Serialized files now loaded: 0)
System memory in use before: 73.7 MB.
System memory in use after: 73.8 MB.

Unloading 19 unused Assets to reduce memory usage. Loaded Objects now: 2008.
Total: 2.145600 ms (FindLiveObjects: 0.138400 ms CreateObjectMapping: 0.050900 ms MarkObjects: 1.895200 ms  DeleteObjects: 0.060100 ms)

AssetImportParameters requested are different than current active one (requested -> active):
  custom:framework-win-MediaFoundation: 216162199b28c13a410421893ffa2e32 -> 
  custom:video-decoder-ogg-theora: a1e56fd34408186e4bbccfd4996cb3dc -> 
  custom:container-muxer-webm: aa71ff27fc2769a1b78a27578f13a17b -> 
  custom:container-demuxer-webm: 4f35f7cbe854078d1ac9338744f61a02 -> 
  custom:container-demuxer-ogg: 62fdf1f143b41e24485cea50d1cbac27 -> 
  custom:video-encoder-webm-vp8: eb34c28f22e8b96e1ab97ce403110664 -> 
  custom:video-decoder-webm-vp8: 9c59270c3fd7afecdb556c50c9e8de78 -> 
  custom:audio-decoder-ogg-vorbis: bf7c407c2cedff20999df2af8eb42d56 -> 
  custom:audio-encoder-webm-vorbis: bf7c407c2cedff20999df2af8eb42d56 -> 
========================================================================
Received Import Request.
  path: Assets/IcePhysics.physicMaterial
  artifactKey: Guid(0a496eb6c169c2a408c929149753f6dd) Importer(815301076,1909f56bfc062723c751e8b465ee728b)
Start importing Assets/IcePhysics.physicMaterial using Guid(0a496eb6c169c2a408c929149753f6dd) Importer(815301076,1909f56bfc062723c751e8b465ee728b)  -> (artifact id: '3d7d7775e910441956629924c2b76794') in 0.052570 seconds 
========================================================================
Received Import Request.
  Time since last request: 0.000192 seconds.
  path: Assets/whitbg.jpg
  artifactKey: Guid(572fe7f567d057e459680213a15b05e7) Importer(815301076,1909f56bfc062723c751e8b465ee728b)
Start importing Assets/whitbg.jpg using Guid(572fe7f567d057e459680213a15b05e7) Importer(815301076,1909f56bfc062723c751e8b465ee728b)  -> (artifact id: '058bed50c12f4e66edf2fc9f1f82b33b') in 0.110827 seconds 
========================================================================
Received Import Request.
  Time since last request: 0.000196 seconds.
  path: Assets/red-circle 1.png
  artifactKey: Guid(0b142b8f11a3c1042aab6dc22410ad9e) Importer(815301076,1909f56bfc062723c751e8b465ee728b)
Start importing Assets/red-circle 1.png using Guid(0b142b8f11a3c1042aab6dc22410ad9e) Importer(815301076,1909f56bfc062723c751e8b465ee728b)  -> (artifact id: 'e74b6692573fb3a7f4906f9d1d5ab2b4') in 0.061950 seconds 
========================================================================
Received Import Request.
  Time since last request: 40.680428 seconds.
  path: Assets/PlayerMovement.cs
  artifactKey: Guid(955178892b1ad9d4aaa12cd5a99d8f45) Importer(815301076,1909f56bfc062723c751e8b465ee728b)
Start importing Assets/PlayerMovement.cs using Guid(955178892b1ad9d4aaa12cd5a99d8f45) Importer(815301076,1909f56bfc062723c751e8b465ee728b)  -> (artifact id: 'ffbfb273d56a8c31ef8e47f0f49ef0f0') in 0.053479 seconds 
========================================================================
Received Import Request.
  Time since last request: 8.351032 seconds.
  path: Assets/Scenes
  artifactKey: Guid(ba28a7b512fbd944f967c4af9794b086) Importer(815301076,1909f56bfc062723c751e8b465ee728b)
Start importing Assets/Scenes using Guid(ba28a7b512fbd944f967c4af9794b086) Importer(815301076,1909f56bfc062723c751e8b465ee728b)  -> (artifact id: 'd00cc1d139d1aacbbe70d40583fddd60') in 0.012521 seconds 
========================================================================
Received Import Request.
  Time since last request: 3.485868 seconds.
  path: Assets/Scripts
  artifactKey: Guid(570f28fd0b65d0f469faae7e9d820abe) Importer(815301076,1909f56bfc062723c751e8b465ee728b)
Start importing Assets/Scripts using Guid(570f28fd0b65d0f469faae7e9d820abe) Importer(815301076,1909f56bfc062723c751e8b465ee728b)  -> (artifact id: 'f8c4c7d0e62d7379fb574462fa1cf434') in 0.012821 seconds 
========================================================================
Received Import Request.
  Time since last request: 9.496352 seconds.
  path: Assets/Scenes/MenuScene.unity
  artifactKey: Guid(641263e5049278c46894fc36c17bc238) Importer(815301076,1909f56bfc062723c751e8b465ee728b)
Start importing Assets/Scenes/MenuScene.unity using Guid(641263e5049278c46894fc36c17bc238) Importer(815301076,1909f56bfc062723c751e8b465ee728b)  -> (artifact id: 'a448426aeaa2de7b97c050e359cd29e3') in 0.013560 seconds 
========================================================================
Received Import Request.
  Time since last request: 7.608036 seconds.
  path: Assets/Levels
  artifactKey: Guid(c86e3fcd53a61664ea3a7835f5b32f22) Importer(815301076,1909f56bfc062723c751e8b465ee728b)
Start importing Assets/Levels using Guid(c86e3fcd53a61664ea3a7835f5b32f22) Importer(815301076,1909f56bfc062723c751e8b465ee728b)  -> (artifact id: '61156156dbb7f192958e5321dc0598ea') in 0.012305 seconds 
========================================================================
Received Import Request.
  Time since last request: 1.297280 seconds.
  path: Assets/Levels/Level1.unity
  artifactKey: Guid(9b6bf0e341d33ea4b8daaf41573c06e4) Importer(815301076,1909f56bfc062723c751e8b465ee728b)
Start importing Assets/Levels/Level1.unity using Guid(9b6bf0e341d33ea4b8daaf41573c06e4) Importer(815301076,1909f56bfc062723c751e8b465ee728b)  -> (artifact id: '8648d2094802b019160b0c915898dc5c') in 0.013287 seconds 
========================================================================
Received Import Request.
  Time since last request: 7.224531 seconds.
  path: Assets/Materials
  artifactKey: Guid(fa3b8711be90ca1469a8c5724a34b461) Importer(815301076,1909f56bfc062723c751e8b465ee728b)
Start importing Assets/Materials using Guid(fa3b8711be90ca1469a8c5724a34b461) Importer(815301076,1909f56bfc062723c751e8b465ee728b)  -> (artifact id: '1c467821ae295f7e2b06a6144ae125f9') in 0.017651 seconds 
========================================================================
Received Import Request.
  Time since last request: 0.066862 seconds.
  path: Assets/Materials/Arrow.mat
  artifactKey: Guid(b09b010585c9c4b47b326a22c77cd915) Importer(815301076,1909f56bfc062723c751e8b465ee728b)
Start importing Assets/Materials/Arrow.mat using Guid(b09b010585c9c4b47b326a22c77cd915) Importer(815301076,1909f56bfc062723c751e8b465ee728b)  -> (artifact id: '9b681671ccb7429a48f9ae55379801a7') in 0.302376 seconds 
========================================================================
Received Import Request.
  Time since last request: 0.000254 seconds.
  path: Assets/Materials/Ice.mat
  artifactKey: Guid(c132db46f52b1074688e03da75f51e66) Importer(815301076,1909f56bfc062723c751e8b465ee728b)
Start importing Assets/Materials/Ice.mat using Guid(c132db46f52b1074688e03da75f51e66) Importer(815301076,1909f56bfc062723c751e8b465ee728b)  -> (artifact id: '58a51be44a0985b35f4b73713c157ef2') in 0.129227 seconds 
========================================================================
Received Import Request.
  Time since last request: 0.000346 seconds.
  path: Assets/Materials/Exit.mat
  artifactKey: Guid(d0311dbca49f1c849bc303dca72de381) Importer(815301076,1909f56bfc062723c751e8b465ee728b)
Start importing Assets/Materials/Exit.mat using Guid(d0311dbca49f1c849bc303dca72de381) Importer(815301076,1909f56bfc062723c751e8b465ee728b)  -> (artifact id: 'b9d10decff4f977244f33fb006777e98') in 0.021400 seconds 
========================================================================
Received Import Request.
  Time since last request: 0.000273 seconds.
  path: Assets/Materials/Ball.mat
  artifactKey: Guid(54bce9b9a7eda6148ba6045c2dd5fb25) Importer(815301076,1909f56bfc062723c751e8b465ee728b)
Start importing Assets/Materials/Ball.mat using Guid(54bce9b9a7eda6148ba6045c2dd5fb25) Importer(815301076,1909f56bfc062723c751e8b465ee728b)  -> (artifact id: '5b3873f4015d234e610516cc9fe9b65d') in 0.022685 seconds 
========================================================================
Received Import Request.
  Time since last request: 0.000376 seconds.
  path: Assets/Materials/Spikes.mat
  artifactKey: Guid(fad455295d4b8ae48aadb6dcfffea0fb) Importer(815301076,1909f56bfc062723c751e8b465ee728b)
Start importing Assets/Materials/Spikes.mat using Guid(fad455295d4b8ae48aadb6dcfffea0fb) Importer(815301076,1909f56bfc062723c751e8b465ee728b)  -> (artifact id: 'db5874191bcde91c044a5cd19310c0f1') in 0.024782 seconds 
========================================================================
Received Import Request.
  Time since last request: 0.000325 seconds.
  path: Assets/Materials/Wall.mat
  artifactKey: Guid(0c119146c6dcf9b4aa2ed00cbc36d635) Importer(815301076,1909f56bfc062723c751e8b465ee728b)
Start importing Assets/Materials/Wall.mat using Guid(0c119146c6dcf9b4aa2ed00cbc36d635) Importer(815301076,1909f56bfc062723c751e8b465ee728b)  -> (artifact id: '11c70bbf736ab5cc4de95687c6056ff2') in 0.022580 seconds 
========================================================================
Received Import Request.
  Time since last request: 2.824487 seconds.
  path: Assets/Scripts/WinText.cs
  artifactKey: Guid(5bf5d539207a1d04f959b3b549f759c9) Importer(815301076,1909f56bfc062723c751e8b465ee728b)
Start importing Assets/Scripts/WinText.cs using Guid(5bf5d539207a1d04f959b3b549f759c9) Importer(815301076,1909f56bfc062723c751e8b465ee728b)  -> (artifact id: '58c519a2fc9d3f50b819221bdfb23fb5') in 0.012542 seconds 
========================================================================
Received Import Request.
  Time since last request: 0.857991 seconds.
  path: Assets/Scripts/BallMovement.cs
  artifactKey: Guid(6a3d7851054872448a4337f5473c8d67) Importer(815301076,1909f56bfc062723c751e8b465ee728b)
Start importing Assets/Scripts/BallMovement.cs using Guid(6a3d7851054872448a4337f5473c8d67) Importer(815301076,1909f56bfc062723c751e8b465ee728b)  -> (artifact id: 'f781533867fbfdddc7e00e94d501de1d') in 0.013468 seconds 
========================================================================
Received Import Request.
  Time since last request: 0.751053 seconds.
  path: Assets/Scripts/Level1Complete.cs
  artifactKey: Guid(5a2e4ae311394a24a972fb5189c49bcb) Importer(815301076,1909f56bfc062723c751e8b465ee728b)
Start importing Assets/Scripts/Level1Complete.cs using Guid(5a2e4ae311394a24a972fb5189c49bcb) Importer(815301076,1909f56bfc062723c751e8b465ee728b)  -> (artifact id: 'cdd60bcb4a2591368f11fe85b824a89f') in 0.013064 seconds 
